<?xml version="1.0" encoding="UTF-8"?>
<testng-results skipped="0" failed="0" ignored="0" total="1" passed="1">
  <reporter-output>
  </reporter-output>
  <suite name="Default suite" duration-ms="40" started-at="2020-03-29T05:00:57Z" finished-at="2020-03-29T05:00:57Z">
    <groups>
    </groups>
    <test name="Default test" duration-ms="40" started-at="2020-03-29T05:00:57Z" finished-at="2020-03-29T05:00:57Z">
      <class name="test.firstclassmaven">
        <test-method status="PASS" signature="testing()[pri:0, instance:test.firstclassmaven@1d057a39]" name="testing" duration-ms="13" started-at="2020-03-29T10:30:57Z" finished-at="2020-03-29T10:30:57Z">
          <reporter-output>
          </reporter-output>
        </test-method> <!-- testing -->
      </class> <!-- test.firstclassmaven -->
    </test> <!-- Default test -->
  </suite> <!-- Default suite -->
</testng-results>
